Performing C SOURCE FILE Test CMAKE_HAVE_LIBC_PTHREAD failed with the following output:
Change Dir: /mnt/c/Users/gabeb/Research-Vipra/vipra/VIPRA/CMakeFiles/CMakeTmp

Run Build Command(s):/usr/bin/make cmTC_d172e/fast && make[2]: Entering directory '/mnt/c/Users/gabeb/Research-Vipra/vipra/VIPRA/CMakeFiles/CMakeTmp'
/usr/bin/make -f CMakeFiles/cmTC_d172e.dir/build.make CMakeFiles/cmTC_d172e.dir/build
make[3]: Entering directory '/mnt/c/Users/gabeb/Research-Vipra/vipra/VIPRA/CMakeFiles/CMakeTmp'
Building C object CMakeFiles/cmTC_d172e.dir/src.c.o
/usr/bin/cc   -DCMAKE_HAVE_LIBC_PTHREAD   -o CMakeFiles/cmTC_d172e.dir/src.c.o   -c /mnt/c/Users/gabeb/Research-Vipra/vipra/VIPRA/CMakeFiles/CMakeTmp/src.c
Linking C executable cmTC_d172e
/usr/bin/cmake -E cmake_link_script CMakeFiles/cmTC_d172e.dir/link.txt --verbose=1
/usr/bin/cc  -DCMAKE_HAVE_LIBC_PTHREAD   -pg  CMakeFiles/cmTC_d172e.dir/src.c.o  -o cmTC_d172e 
/usr/bin/ld: CMakeFiles/cmTC_d172e.dir/src.c.o: in function `main':
src.c:(.text+0x46): undefined reference to `pthread_create'
/usr/bin/ld: src.c:(.text+0x52): undefined reference to `pthread_detach'
/usr/bin/ld: src.c:(.text+0x63): undefined reference to `pthread_join'
collect2: error: ld returned 1 exit status
make[3]: *** [CMakeFiles/cmTC_d172e.dir/build.make:87: cmTC_d172e] Error 1
make[3]: Leaving directory '/mnt/c/Users/gabeb/Research-Vipra/vipra/VIPRA/CMakeFiles/CMakeTmp'
make[2]: *** [Makefile:121: cmTC_d172e/fast] Error 2
make[2]: Leaving directory '/mnt/c/Users/gabeb/Research-Vipra/vipra/VIPRA/CMakeFiles/CMakeTmp'


Source file was:
#include <pthread.h>

void* test_func(void* data)
{
  return data;
}

int main(void)
{
  pthread_t thread;
  pthread_create(&thread, NULL, test_func, NULL);
  pthread_detach(thread);
  pthread_join(thread, NULL);
  pthread_atfork(NULL, NULL, NULL);
  pthread_exit(NULL);

  return 0;
}

Determining if the function pthread_create exists in the pthreads failed with the following output:
Change Dir: /mnt/c/Users/gabeb/Research-Vipra/vipra/VIPRA/CMakeFiles/CMakeTmp

Run Build Command(s):/usr/bin/make cmTC_ce167/fast && make[2]: Entering directory '/mnt/c/Users/gabeb/Research-Vipra/vipra/VIPRA/CMakeFiles/CMakeTmp'
/usr/bin/make -f CMakeFiles/cmTC_ce167.dir/build.make CMakeFiles/cmTC_ce167.dir/build
make[3]: Entering directory '/mnt/c/Users/gabeb/Research-Vipra/vipra/VIPRA/CMakeFiles/CMakeTmp'
Building C object CMakeFiles/cmTC_ce167.dir/CheckFunctionExists.c.o
/usr/bin/cc   -DCHECK_FUNCTION_EXISTS=pthread_create   -o CMakeFiles/cmTC_ce167.dir/CheckFunctionExists.c.o   -c /usr/share/cmake-3.16/Modules/CheckFunctionExists.c
Linking C executable cmTC_ce167
/usr/bin/cmake -E cmake_link_script CMakeFiles/cmTC_ce167.dir/link.txt --verbose=1
/usr/bin/cc  -DCHECK_FUNCTION_EXISTS=pthread_create   -pg  CMakeFiles/cmTC_ce167.dir/CheckFunctionExists.c.o  -o cmTC_ce167  -lpthreads 
/usr/bin/ld: cannot find -lpthreads
collect2: error: ld returned 1 exit status
make[3]: *** [CMakeFiles/cmTC_ce167.dir/build.make:87: cmTC_ce167] Error 1
make[3]: Leaving directory '/mnt/c/Users/gabeb/Research-Vipra/vipra/VIPRA/CMakeFiles/CMakeTmp'
make[2]: *** [Makefile:121: cmTC_ce167/fast] Error 2
make[2]: Leaving directory '/mnt/c/Users/gabeb/Research-Vipra/vipra/VIPRA/CMakeFiles/CMakeTmp'



